<?xml version="1.0" encoding="UTF-8"?>
<!-- Generated by org.testng.reporters.JUnitXMLReporter -->
<testsuite hostname="DESKTOP-VM4G1KR" ignored="11" name="Default test(failed)(failed)(failed)(failed)(failed)(failed)(failed)" tests="2" failures="2" timestamp="20 Oct 2021 17:48:18 GMT" time="47.332" errors="0">
  <testcase name="EnterInvalidEmailTest" time="0.46" classname="runner.HotelPageRunner">
    <failure type="org.openqa.selenium.NoSuchElementException" message="no such element: Unable to locate element: {&amp;quot;method&amp;quot;:&amp;quot;xpath&amp;quot;,&amp;quot;selector&amp;quot;:&amp;quot;//span[@class=&amp;apos;hp_city&amp;apos;]&amp;quot;}
  (Session info: chrome=94.0.4606.81)
For documentation on this error, please visit: https://www.seleniumhq.org/exceptions/no_such_element.html
Build info: version: &amp;apos;3.141.59&amp;apos;, revision: &amp;apos;e82be7d358&amp;apos;, time: &amp;apos;2018-11-14T08:25:48&amp;apos;
System info: host: &amp;apos;DESKTOP-VM4G1KR&amp;apos;, ip: &amp;apos;192.168.0.109&amp;apos;, os.name: &amp;apos;Windows 10&amp;apos;, os.arch: &amp;apos;amd64&amp;apos;, os.version: &amp;apos;10.0&amp;apos;, java.version: &amp;apos;1.8.0_301&amp;apos;
Driver info: org.openqa.selenium.chrome.ChromeDriver
Capabilities {acceptInsecureCerts: false, browserName: chrome, browserVersion: 94.0.4606.81, chrome: {chromedriverVersion: 93.0.4577.63 (ff5c0da2ec0ad..., userDataDir: C:\Users\SINGH~1.DES\AppDat...}, goog:chromeOptions: {debuggerAddress: localhost:51258}, javascriptEnabled: true, networkConnectionEnabled: false, pageLoadStrategy: normal, platform: WINDOWS, platformName: WINDOWS, proxy: Proxy(), setWindowRect: true, strictFileInteractability: false, timeouts: {implicit: 0, pageLoad: 300000, script: 30000}, unhandledPromptBehavior: dismiss and notify, webauthn:extension:credBlob: true, webauthn:extension:largeBlob: true, webauthn:virtualAuthenticators: true}
Session ID: ba2edfd13ce0c11f71dbe4340c7060f3
*** Element info: {Using=xpath, value=//span[@class=&amp;apos;hp_city&amp;apos;]}">
      <![CDATA[org.openqa.selenium.NoSuchElementException: no such element: Unable to locate element: {"method":"xpath","selector":"//span[@class='hp_city']"}
  (Session info: chrome=94.0.4606.81)
For documentation on this error, please visit: https://www.seleniumhq.org/exceptions/no_such_element.html
Build info: version: '3.141.59', revision: 'e82be7d358', time: '2018-11-14T08:25:48'
System info: host: 'DESKTOP-VM4G1KR', ip: '192.168.0.109', os.name: 'Windows 10', os.arch: 'amd64', os.version: '10.0', java.version: '1.8.0_301'
Driver info: org.openqa.selenium.chrome.ChromeDriver
Capabilities {acceptInsecureCerts: false, browserName: chrome, browserVersion: 94.0.4606.81, chrome: {chromedriverVersion: 93.0.4577.63 (ff5c0da2ec0ad..., userDataDir: C:\Users\SINGH~1.DES\AppDat...}, goog:chromeOptions: {debuggerAddress: localhost:51258}, javascriptEnabled: true, networkConnectionEnabled: false, pageLoadStrategy: normal, platform: WINDOWS, platformName: WINDOWS, proxy: Proxy(), setWindowRect: true, strictFileInteractability: false, timeouts: {implicit: 0, pageLoad: 300000, script: 30000}, unhandledPromptBehavior: dismiss and notify, webauthn:extension:credBlob: true, webauthn:extension:largeBlob: true, webauthn:virtualAuthenticators: true}
Session ID: ba2edfd13ce0c11f71dbe4340c7060f3
*** Element info: {Using=xpath, value=//span[@class='hp_city']}
at org.openqa.selenium.remote.http.W3CHttpResponseCodec.createException(W3CHttpResponseCodec.java:187)
at org.openqa.selenium.remote.http.W3CHttpResponseCodec.decode(W3CHttpResponseCodec.java:122)
at org.openqa.selenium.remote.http.W3CHttpResponseCodec.decode(W3CHttpResponseCodec.java:49)
at org.openqa.selenium.remote.HttpCommandExecutor.execute(HttpCommandExecutor.java:158)
at org.openqa.selenium.remote.service.DriverCommandExecutor.execute(DriverCommandExecutor.java:83)
at org.openqa.selenium.remote.RemoteWebDriver.execute(RemoteWebDriver.java:552)
at org.openqa.selenium.remote.RemoteWebDriver.findElement(RemoteWebDriver.java:323)
at org.openqa.selenium.remote.RemoteWebDriver.findElementByXPath(RemoteWebDriver.java:428)
at org.openqa.selenium.By$ByXPath.findElement(By.java:353)
at org.openqa.selenium.remote.RemoteWebDriver.findElement(RemoteWebDriver.java:315)
at pages.HotelPage.emptyCity(HotelPage.java:49)
at runner.HotelPageRunner.searchWithAllData(HotelPageRunner.java:41)
at runner.HotelPageRunner.bookRoom(HotelPageRunner.java:86)
at runner.HotelPageRunner.EnterInvalidEmailTest(HotelPageRunner.java:127)
... Removed 29 stack frames]]>
    </failure>
  </testcase> <!-- EnterInvalidEmailTest -->
  <testcase name="EnterInvalidMobNoTest" time="24.964" classname="runner.HotelPageRunner">
    <failure type="java.lang.AssertionError" message="expected [true] but found [false]">
      <![CDATA[java.lang.AssertionError: expected [true] but found [false]
at runner.HotelPageRunner.EnterInvalidMobNoTest(HotelPageRunner.java:164)
... Removed 29 stack frames]]>
    </failure>
  </testcase> <!-- EnterInvalidMobNoTest -->
  <testcase name="searchByEmptyCity" time="0.0" classname="runner.HotelPageRunner">
    <ignored/>
  </testcase> <!-- searchByEmptyCity -->
  <testcase name="searchWithTwoRoom" time="0.0" classname="runner.HotelPageRunner">
    <ignored/>
  </testcase> <!-- searchWithTwoRoom -->
  <testcase name="sortByPriceLH" time="0.0" classname="runner.HotelPageRunner">
    <ignored/>
  </testcase> <!-- sortByPriceLH -->
  <testcase name="FourStar" time="0.0" classname="runner.HotelPageRunner">
    <ignored/>
  </testcase> <!-- FourStar -->
  <testcase name="uncheckTnCTest" time="0.0" classname="runner.HotelPageRunner">
    <ignored/>
  </testcase> <!-- uncheckTnCTest -->
  <testcase name="searchWithAllnchild" time="0.0" classname="runner.HotelPageRunner">
    <ignored/>
  </testcase> <!-- searchWithAllnchild -->
  <testcase name="searchWithAllData" time="0.0" classname="runner.HotelPageRunner">
    <ignored/>
  </testcase> <!-- searchWithAllData -->
  <testcase name="bookRoom" time="0.0" classname="runner.HotelPageRunner">
    <ignored/>
  </testcase> <!-- bookRoom -->
  <testcase name="goToLinkTest" time="0.0" classname="runner.HotelPageRunner">
    <ignored/>
  </testcase> <!-- goToLinkTest -->
  <testcase name="NoGuestDetailsTest" time="0.0" classname="runner.HotelPageRunner">
    <ignored/>
  </testcase> <!-- NoGuestDetailsTest -->
  <testcase name="EnterValidGuestDetailTest" time="0.0" classname="runner.HotelPageRunner">
    <ignored/>
  </testcase> <!-- EnterValidGuestDetailTest -->
</testsuite> <!-- Default test(failed)(failed)(failed)(failed)(failed)(failed)(failed) -->
