<?xml version="1.0" encoding="UTF-8"?>
<!-- Generated by org.testng.reporters.JUnitReportReporter -->
<testsuite skipped="0" hostname="DESKTOP-VM4G1KR" name="runner.HotelPageRunner" tests="13" failures="1" timestamp="21 Oct 2021 05:16:16 GMT" time="391.516" errors="0">
  <testcase name="goToLinkTest" time="14.639" classname="runner.HotelPageRunner"/>
  <testcase name="searchByEmptyCity" time="17.054" classname="runner.HotelPageRunner"/>
  <testcase name="searchWithAllData" time="21.924" classname="runner.HotelPageRunner"/>
  <testcase name="searchWithAllnchild" time="25.726" classname="runner.HotelPageRunner"/>
  <testcase name="searchWithTwoRoom" time="25.538" classname="runner.HotelPageRunner"/>
  <testcase name="sortByPriceLH" time="25.993" classname="runner.HotelPageRunner"/>
  <testcase name="bookRoom" time="35.717" classname="runner.HotelPageRunner"/>
  <testcase name="FourStar" time="30.346" classname="runner.HotelPageRunner"/>
  <testcase name="EnterValidGuestDetailTest" time="40.530" classname="runner.HotelPageRunner"/>
  <testcase name="EnterInvalidEmailTest" time="40.161" classname="runner.HotelPageRunner"/>
  <testcase name="EnterInvalidMobNoTest" time="40.467" classname="runner.HotelPageRunner">
    <failure type="java.lang.AssertionError" message="expected [true] but found [false]">
      <![CDATA[java.lang.AssertionError: expected [true] but found [false]
at org.testng.Assert.fail(Assert.java:96)
at org.testng.Assert.failNotEquals(Assert.java:776)
at org.testng.Assert.assertTrue(Assert.java:44)
at org.testng.Assert.assertTrue(Assert.java:54)
at runner.HotelPageRunner.EnterInvalidMobNoTest(HotelPageRunner.java:167)
at sun.reflect.NativeMethodAccessorImpl.invoke0(Native Method)
at sun.reflect.NativeMethodAccessorImpl.invoke(NativeMethodAccessorImpl.java:62)
at sun.reflect.DelegatingMethodAccessorImpl.invoke(DelegatingMethodAccessorImpl.java:43)
at java.lang.reflect.Method.invoke(Method.java:498)
at org.testng.internal.MethodInvocationHelper.invokeMethod(MethodInvocationHelper.java:124)
at org.testng.internal.Invoker.invokeMethod(Invoker.java:583)
at org.testng.internal.Invoker.invokeTestMethod(Invoker.java:719)
at org.testng.internal.Invoker.invokeTestMethods(Invoker.java:989)
at org.testng.internal.TestMethodWorker.invokeTestMethods(TestMethodWorker.java:125)
at org.testng.internal.TestMethodWorker.run(TestMethodWorker.java:109)
at org.testng.TestRunner.privateRun(TestRunner.java:648)
at org.testng.TestRunner.run(TestRunner.java:505)
at org.testng.SuiteRunner.runTest(SuiteRunner.java:455)
at org.testng.SuiteRunner.runSequentially(SuiteRunner.java:450)
at org.testng.SuiteRunner.privateRun(SuiteRunner.java:415)
at org.testng.SuiteRunner.run(SuiteRunner.java:364)
at org.testng.SuiteRunnerWorker.runSuite(SuiteRunnerWorker.java:52)
at org.testng.SuiteRunnerWorker.run(SuiteRunnerWorker.java:84)
at org.testng.TestNG.runSuitesSequentially(TestNG.java:1208)
at org.testng.TestNG.runSuitesLocally(TestNG.java:1137)
at org.testng.TestNG.runSuites(TestNG.java:1049)
at org.testng.TestNG.run(TestNG.java:1017)
at org.testng.remote.AbstractRemoteTestNG.run(AbstractRemoteTestNG.java:115)
at org.testng.remote.RemoteTestNG.initAndRun(RemoteTestNG.java:251)
at org.testng.remote.RemoteTestNG.main(RemoteTestNG.java:77)
]]>
    </failure>
  </testcase> <!-- EnterInvalidMobNoTest -->
  <testcase name="NoGuestDetailsTest" time="37.280" classname="runner.HotelPageRunner"/>
  <testcase name="uncheckTnCTest" time="36.141" classname="runner.HotelPageRunner"/>
</testsuite> <!-- runner.HotelPageRunner -->
